Determining if the pthread_create exist failed with the following output:
Change Dir: /home/ys/rrc/PoseShapeOptimization/ceres/CMakeFiles/CMakeTmp

Run Build Command:"/usr/bin/make" "cmTC_8371b/fast"
/usr/bin/make -f CMakeFiles/cmTC_8371b.dir/build.make CMakeFiles/cmTC_8371b.dir/build
make[1]: Entering directory '/home/ys/rrc/PoseShapeOptimization/ceres/CMakeFiles/CMakeTmp'
Building C object CMakeFiles/cmTC_8371b.dir/CheckSymbolExists.c.o
/usr/bin/cc    -o CMakeFiles/cmTC_8371b.dir/CheckSymbolExists.c.o   -c /home/ys/rrc/PoseShapeOptimization/ceres/CMakeFiles/CMakeTmp/CheckSymbolExists.c
Linking C executable cmTC_8371b
/usr/bin/cmake -E cmake_link_script CMakeFiles/cmTC_8371b.dir/link.txt --verbose=1
/usr/bin/cc      -rdynamic CMakeFiles/cmTC_8371b.dir/CheckSymbolExists.c.o  -o cmTC_8371b 
CMakeFiles/cmTC_8371b.dir/CheckSymbolExists.c.o: In function `main':
CheckSymbolExists.c:(.text+0x1b): undefined reference to `pthread_create'
collect2: error: ld returned 1 exit status
CMakeFiles/cmTC_8371b.dir/build.make:97: recipe for target 'cmTC_8371b' failed
make[1]: *** [cmTC_8371b] Error 1
make[1]: Leaving directory '/home/ys/rrc/PoseShapeOptimization/ceres/CMakeFiles/CMakeTmp'
Makefile:126: recipe for target 'cmTC_8371b/fast' failed
make: *** [cmTC_8371b/fast] Error 2

File /home/ys/rrc/PoseShapeOptimization/ceres/CMakeFiles/CMakeTmp/CheckSymbolExists.c:
/* */
#include <pthread.h>

int main(int argc, char** argv)
{
  (void)argv;
#ifndef pthread_create
  return ((int*)(&pthread_create))[argc];
#else
  (void)argc;
  return 0;
#endif
}

Determining if the function pthread_create exists in the pthreads failed with the following output:
Change Dir: /home/ys/rrc/PoseShapeOptimization/ceres/CMakeFiles/CMakeTmp

Run Build Command:"/usr/bin/make" "cmTC_dec24/fast"
/usr/bin/make -f CMakeFiles/cmTC_dec24.dir/build.make CMakeFiles/cmTC_dec24.dir/build
make[1]: Entering directory '/home/ys/rrc/PoseShapeOptimization/ceres/CMakeFiles/CMakeTmp'
Building C object CMakeFiles/cmTC_dec24.dir/CheckFunctionExists.c.o
/usr/bin/cc   -DCHECK_FUNCTION_EXISTS=pthread_create   -o CMakeFiles/cmTC_dec24.dir/CheckFunctionExists.c.o   -c /usr/share/cmake-3.10/Modules/CheckFunctionExists.c
Linking C executable cmTC_dec24
/usr/bin/cmake -E cmake_link_script CMakeFiles/cmTC_dec24.dir/link.txt --verbose=1
/usr/bin/cc  -DCHECK_FUNCTION_EXISTS=pthread_create    -rdynamic CMakeFiles/cmTC_dec24.dir/CheckFunctionExists.c.o  -o cmTC_dec24 -lpthreads 
/usr/bin/ld: cannot find -lpthreads
collect2: error: ld returned 1 exit status
CMakeFiles/cmTC_dec24.dir/build.make:97: recipe for target 'cmTC_dec24' failed
make[1]: *** [cmTC_dec24] Error 1
make[1]: Leaving directory '/home/ys/rrc/PoseShapeOptimization/ceres/CMakeFiles/CMakeTmp'
Makefile:126: recipe for target 'cmTC_dec24/fast' failed
make: *** [cmTC_dec24/fast] Error 2


